<?xml version="1.0" encoding="UTF-8"?>
<!-- Generated by org.testng.reporters.JUnitXMLReporter -->
<testsuite ignored="0" hostname="LAPTOP-RH8MADSE" failures="0" tests="1" name="Test" time="0.223" errors="0" timestamp="2022-12-22T08:09:34 IST">
  <testcase classname="generic.BaseTest" name="@BeforeClass setup" time="0.133">
    <failure type="java.lang.IllegalStateException" message="The driver executable does not exist: C:\Users\janme\OneDrive\Desktop\Automation\AutomationFramework\.\drivers\chromedriver.exe">
      <![CDATA[java.lang.IllegalStateException: The driver executable does not exist: C:\Users\janme\OneDrive\Desktop\Automation\AutomationFramework\.\drivers\chromedriver.exe
at com.google.common.base.Preconditions.checkState(Preconditions.java:585)
at org.openqa.selenium.remote.service.DriverService.checkExecutable(DriverService.java:146)
at org.openqa.selenium.remote.service.DriverService.findExecutable(DriverService.java:141)
at org.openqa.selenium.chrome.ChromeDriverService.access$000(ChromeDriverService.java:35)
at org.openqa.selenium.chrome.ChromeDriverService$Builder.findDefaultExecutable(ChromeDriverService.java:159)
at org.openqa.selenium.remote.service.DriverService$Builder.build(DriverService.java:355)
at org.openqa.selenium.chrome.ChromeDriverService.createDefaultService(ChromeDriverService.java:94)
at org.openqa.selenium.chrome.ChromeDriver.<init>(ChromeDriver.java:157)
at generic.BaseTest.setup(BaseTest.java:36)
at java.base/java.util.ArrayList.forEach(ArrayList.java:1511)
... Removed 25 stack frames]]>
    </failure>
  </testcase> <!-- @BeforeClass setup -->
  <testcase classname="generic.BaseTest" name="@BeforeMethod logintoApp" time="-1.671676774722E9">
    <skipped/>
  </testcase> <!-- @BeforeMethod logintoApp -->
  <testcase classname="generic.BaseTest" name="@AfterMethod logoutfromApp" time="-1.671676774734E9">
    <skipped/>
  </testcase> <!-- @AfterMethod logoutfromApp -->
  <testcase classname="generic.BaseTest" name="@AfterClass teardown" time="-1.671676774738E9">
    <skipped/>
  </testcase> <!-- @AfterClass teardown -->
  <testcase classname="test.ActitimeLoginLogout" name="loginlogout" time="0.0">
    <skipped/>
  </testcase> <!-- loginlogout -->
</testsuite> <!-- Test -->
